<?xml version="1.0" encoding="UTF-8"?>
<testng-results ignored="0" total="1" passed="1" failed="0" skipped="0">
  <reporter-output>
  </reporter-output>
  <suite started-at="2021-10-29T13:48:06Z" name="IntetBankingV3" finished-at="2021-10-29T13:48:50Z" duration-ms="43939">
    <groups>
    </groups>
    <test started-at="2021-10-29T13:48:06Z" name="BankingApp Test" finished-at="2021-10-29T13:48:50Z" duration-ms="43939">
      <class name="com.inetbanking.testCases.TC_LoginTest_001">
        <test-method is-config="true" signature="setup(java.lang.String)[pri:0, instance:com.inetbanking.testCases.TC_LoginTest_001@14dd9eb7]" started-at="2021-10-29T13:48:07Z" name="setup" finished-at="2021-10-29T13:48:36Z" duration-ms="28967" status="PASS">
          <params>
            <param index="0">
              <value>
                <![CDATA[chrome]]>
              </value>
            </param>
          </params>
          <reporter-output>
          </reporter-output>
        </test-method> <!-- setup -->
        <test-method signature="loginTest()[pri:0, instance:com.inetbanking.testCases.TC_LoginTest_001@14dd9eb7]" started-at="2021-10-29T13:48:36Z" name="loginTest" finished-at="2021-10-29T13:48:50Z" duration-ms="13744" status="PASS">
          <reporter-output>
          </reporter-output>
        </test-method> <!-- loginTest -->
        <test-method is-config="true" signature="teardown()[pri:0, instance:com.inetbanking.testCases.TC_LoginTest_001@14dd9eb7]" started-at="2021-10-29T13:48:50Z" name="teardown" finished-at="2021-10-29T13:48:50Z" duration-ms="375" status="PASS">
          <reporter-output>
          </reporter-output>
        </test-method> <!-- teardown -->
      </class> <!-- com.inetbanking.testCases.TC_LoginTest_001 -->
    </test> <!-- BankingApp Test -->
  </suite> <!-- IntetBankingV3 -->
</testng-results>
